Active-HDL 13.0.375.8320 2025-08-11 14:14:04

Elaboration top modules:
Architecture                  behavior(tb_rotate_register)


------------------------------------------------------------------------------------------------------------
Entity             | Architecture | Library        | Info | Compiler Version          | Compilation Options
------------------------------------------------------------------------------------------------------------
tb_rotate_register | behavior     | shift_register |      | 13.0.375.8320 (Windows64) | -O3
rotate_register    | Behavioral   | shift_register |      | 13.0.375.8320 (Windows64) | -O3
------------------------------------------------------------------------------------------------------------

------------------------------------------------------------------------------------------------------------
VHDL Package                      | Library        | Info | Compiler Version          | Compilation Options
------------------------------------------------------------------------------------------------------------
standard                          | std            |      |                           | <unavailable>
TEXTIO                            | std            |      | 13.0.375.8320 (Windows64) |  -2019
std_logic_1164                    | ieee           |      | 13.0.375.8320 (Windows64) |  -2008
------------------------------------------------------------------------------------------------------------

------------------------------------------------------------------------------------------------------------
Library                           | Comment
------------------------------------------------------------------------------------------------------------
ieee                              | Standard IEEE packages library
shift_register                    | None
std                               | Standard VHDL library
------------------------------------------------------------------------------------------------------------


Simulation Options: asim -O5 +access +r +m+tb_rotate_register tb_rotate_register behavior

